<?xml version="1.0" encoding="UTF-8"?>
<testsuite xmlns:xsi="http://www.w3.org/2001/XMLSchema-instance" xsi:noNamespaceSchemaLocation="https://maven.apache.org/surefire/maven-surefire-plugin/xsd/surefire-test-report-3.0.xsd" version="3.0" name="com.bestbuy.RestAssuredCucumber.runnerPackage.JunitTestRunner" time="2.794" tests="4" errors="0" skipped="0" failures="0">
  <properties>
[...]
</properties>
  <testcase name="To validate create product by using valid data" classname="Validate creation of new product" time="1.94"/>
  <testcase name="To validate get details of product as per id provided" classname="Validate get specific product functionality" time="0.027"/>
  <testcase name="To validate delete product functionality as per given id" classname="Validate Delete product functionality" time="0.021"/>
  <testcase name="To validate get order feature with valid data for 10 products" classname="Validate get all product functionality" time="0.21"/>
</testsuite>